<?xml version="1.0" encoding="UTF-8"?>
<!-- Generated by org.testng.reporters.JUnitReportReporter -->
<testsuite skipped="0" hostname="Arjuns-MBP.attlocal.net" name="testcases.TestCases" tests="4" failures="0" timestamp="2020-04-25T23:52:27 CDT" time="0.009" errors="0">
  <testcase name="TestA" time="0.001" classname="testcases.TestCases"/>
  <system-out/>
  <testcase name="TestA" time="0.006" classname="testcases.TestCases"/>
  <system-out/>
  <testcase name="TestB" time="0.001" classname="testcases.TestCases"/>
  <system-out/>
  <testcase name="TestB" time="0.001" classname="testcases.TestCases"/>
  <system-out/>
</testsuite> <!-- testcases.TestCases -->
