<?xml version="1.0" encoding="UTF-8"?>
<!-- Generated by org.testng.reporters.JUnitReportReporter -->
<testsuite skipped="0" hostname="Arjuns-MBP.attlocal.net" name="testcases.LoginTest" tests="3" failures="0" timestamp="2020-04-25T23:19:58 CDT" time="0.002" errors="0">
  <testcase name="doLogin" time="0.001" classname="testcases.LoginTest"/>
  <system-out/>
  <testcase name="doLogin" time="0.001" classname="testcases.LoginTest"/>
  <system-out/>
  <testcase name="doLogin" time="0.000" classname="testcases.LoginTest"/>
  <system-out/>
</testsuite> <!-- testcases.LoginTest -->
